app/build/intermediates/manifest_merge_blame_file/debug/manifest-merger-blame-debug-report.txt
1<?xml version="1.0" encoding="utf-8"?>
2<manifest xmlns:android="http://schemas.android.com/apk/res/android"
3    package="com.alipay.sdk.pay.demo"
4    android:versionCode="1"
5    android:versionName="1.0" >
6
7    <uses-sdk
8        android:minSdkVersion="19"
8-->src\main\AndroidManifest.xml
9        android:targetSdkVersion="30" />
9-->src\main\AndroidManifest.xml
10
11    <uses-permission android:name="android.permission.INTERNET" />
11-->src\main\AndroidManifest.xml:8:5-67
11-->src\main\AndroidManifest.xml:8:22-64
12    <uses-permission android:name="android.permission.ACCESS_NETWORK_STATE" />
12-->src\main\AndroidManifest.xml:9:5-79
12-->src\main\AndroidManifest.xml:9:22-76
13    <uses-permission android:name="android.permission.ACCESS_WIFI_STATE" />
13-->src\main\AndroidManifest.xml:10:5-76
13-->src\main\AndroidManifest.xml:10:22-73
14
15    <!--
16         如果您的 App 的 targetSdkVersion 大于或等于 30，则需要在 AndroidManifest.xml 中提供下面的应用可见性声明，
17         让支付宝 SDK 感知设备上是否已经安装了支付宝 App。同时，您可能还需要升级 Gradle Plugin 到最新版本。
18         关于 Android 11 的 "应用可见性" 机制，参见 https://developer.android.com/about/versions/11/privacy/package-visibility?hl=zh-cn
19    -->
20    <queries>
20-->src\main\AndroidManifest.xml:15:5-18:15
21        <package android:name="com.eg.android.AlipayGphone" /> <!-- 支付宝 -->
21-->src\main\AndroidManifest.xml:16:9-63
21-->src\main\AndroidManifest.xml:16:18-60
22        <package android:name="hk.alipay.wallet" /> <!-- AlipayHK -->
22-->src\main\AndroidManifest.xml:17:9-52
22-->src\main\AndroidManifest.xml:17:18-49
23        <intent> <!-- H5 支持手淘登录 -->
23-->[com.alipay.sdk:alipaysdk-android:15.8.16] AndroidManifest.xml:10:9-14:18
24            <action android:name="*" />
24-->[com.alipay.sdk:alipaysdk-android:15.8.16] AndroidManifest.xml:11:13-40
24-->[com.alipay.sdk:alipaysdk-android:15.8.16] AndroidManifest.xml:11:21-37
25
26            <data android:scheme="tbopen" />
26-->[com.alipay.sdk:alipaysdk-android:15.8.16] AndroidManifest.xml:13:13-45
26-->[com.alipay.sdk:alipaysdk-android:15.8.16] AndroidManifest.xml:13:19-42
27        </intent> <!-- 支付宝 app -->
28        <package android:name="com.eg.android.AlipayGphoneRC" /> <!-- 香港版支付宝 app -->
28-->[com.alipay.sdk:alipaysdk-android:15.8.16] AndroidManifest.xml:17:9-65
28-->[com.alipay.sdk:alipaysdk-android:15.8.16] AndroidManifest.xml:17:18-62
29        <package android:name="hk.alipay.walletRC" />
29-->[com.alipay.sdk:alipaysdk-android:15.8.16] AndroidManifest.xml:19:9-54
29-->[com.alipay.sdk:alipaysdk-android:15.8.16] AndroidManifest.xml:19:18-51
30    </queries>
31
32    <supports-screens
32-->src\main\AndroidManifest.xml:20:5-25:39
33        android:anyDensity="true"
33-->src\main\AndroidManifest.xml:21:9-34
34        android:largeScreens="true"
34-->src\main\AndroidManifest.xml:22:9-36
35        android:normalScreens="true"
35-->src\main\AndroidManifest.xml:23:9-37
36        android:resizeable="true"
36-->src\main\AndroidManifest.xml:24:9-34
37        android:smallScreens="true" />
37-->src\main\AndroidManifest.xml:25:9-36
38
39    <application
39-->src\main\AndroidManifest.xml:27:5-48:19
40        android:allowBackup="true"
40-->src\main\AndroidManifest.xml:28:9-35
41        android:appComponentFactory="android.support.v4.app.CoreComponentFactory"
41-->[com.android.support:support-compat:28.0.0] AndroidManifest.xml:22:18-91
42        android:debuggable="true"
43        android:label="@string/app_name"
43-->src\main\AndroidManifest.xml:30:9-41
44        android:networkSecurityConfig="@xml/network_security_config"
44-->src\main\AndroidManifest.xml:29:9-69
45        android:testOnly="true"
46        android:theme="@style/AppTheme" >
46-->src\main\AndroidManifest.xml:31:9-40
47        <activity
47-->src\main\AndroidManifest.xml:32:9-41:20
48            android:name="com.alipay.sdk.pay.demo.PayDemoActivity"
48-->src\main\AndroidManifest.xml:33:13-67
49            android:icon="@drawable/msp_icon"
49-->src\main\AndroidManifest.xml:34:13-46
50            android:label="@string/app_name" >
50-->src\main\AndroidManifest.xml:35:13-45
51            <intent-filter>
51-->src\main\AndroidManifest.xml:36:13-40:29
52                <action android:name="android.intent.action.MAIN" />
52-->src\main\AndroidManifest.xml:37:17-69
52-->src\main\AndroidManifest.xml:37:25-66
53
54                <category android:name="android.intent.category.LAUNCHER" />
54-->src\main\AndroidManifest.xml:39:17-77
54-->src\main\AndroidManifest.xml:39:27-74
55            </intent-filter>
56        </activity>
57        <activity
57-->src\main\AndroidManifest.xml:42:9-47:20
58            android:name="com.alipay.sdk.pay.demo.H5PayDemoActivity"
58-->src\main\AndroidManifest.xml:43:13-69
59            android:configChanges="orientation|keyboardHidden|navigation"
59-->src\main\AndroidManifest.xml:44:13-74
60            android:exported="false"
60-->src\main\AndroidManifest.xml:45:13-37
61            android:screenOrientation="behind" >
61-->src\main\AndroidManifest.xml:46:13-47
62        </activity>
63
64        <uses-library
64-->[com.alipay.sdk:alipaysdk-android:15.8.16] AndroidManifest.xml:34:9-36:40
65            android:name="org.apache.http.legacy"
65-->[com.alipay.sdk:alipaysdk-android:15.8.16] AndroidManifest.xml:35:13-50
66            android:required="false" />
66-->[com.alipay.sdk:alipaysdk-android:15.8.16] AndroidManifest.xml:36:13-37
67
68        <activity
68-->[com.alipay.sdk:alipaysdk-android:15.8.16] AndroidManifest.xml:38:9-43:20
69            android:name="com.alipay.sdk.app.H5PayActivity"
69-->[com.alipay.sdk:alipaysdk-android:15.8.16] AndroidManifest.xml:39:13-60
70            android:configChanges="orientation|keyboardHidden|navigation|screenSize|locale|keyboard|screenLayout|density|fontScale|layoutDirection|smallestScreenSize"
70-->[com.alipay.sdk:alipaysdk-android:15.8.16] AndroidManifest.xml:40:13-167
71            android:exported="false"
71-->[com.alipay.sdk:alipaysdk-android:15.8.16] AndroidManifest.xml:41:13-37
72            android:theme="@android:style/Theme.NoTitleBar" >
72-->[com.alipay.sdk:alipaysdk-android:15.8.16] AndroidManifest.xml:42:13-60
73        </activity>
74        <activity
74-->[com.alipay.sdk:alipaysdk-android:15.8.16] AndroidManifest.xml:44:9-49:20
75            android:name="com.alipay.sdk.app.H5AuthActivity"
75-->[com.alipay.sdk:alipaysdk-android:15.8.16] AndroidManifest.xml:45:13-61
76            android:configChanges="orientation|keyboardHidden|navigation|screenSize|locale|keyboard|screenLayout|density|fontScale|layoutDirection|smallestScreenSize"
76-->[com.alipay.sdk:alipaysdk-android:15.8.16] AndroidManifest.xml:46:13-167
77            android:exported="false"
77-->[com.alipay.sdk:alipaysdk-android:15.8.16] AndroidManifest.xml:47:13-37
78            android:theme="@android:style/Theme.NoTitleBar" >
78-->[com.alipay.sdk:alipaysdk-android:15.8.16] AndroidManifest.xml:48:13-60
79        </activity>
80        <activity
80-->[com.alipay.sdk:alipaysdk-android:15.8.16] AndroidManifest.xml:50:9-56:20
81            android:name="com.alipay.sdk.app.PayResultActivity"
81-->[com.alipay.sdk:alipaysdk-android:15.8.16] AndroidManifest.xml:51:13-64
82            android:configChanges="orientation|keyboardHidden|navigation|screenSize|locale|keyboard|screenLayout|density|fontScale|layoutDirection|smallestScreenSize"
82-->[com.alipay.sdk:alipaysdk-android:15.8.16] AndroidManifest.xml:52:13-167
83            android:exported="true"
83-->[com.alipay.sdk:alipaysdk-android:15.8.16] AndroidManifest.xml:53:13-36
84            android:launchMode="singleInstance"
84-->[com.alipay.sdk:alipaysdk-android:15.8.16] AndroidManifest.xml:54:13-48
85            android:theme="@android:style/Theme.Translucent.NoTitleBar" >
85-->[com.alipay.sdk:alipaysdk-android:15.8.16] AndroidManifest.xml:55:13-72
86        </activity>
87        <activity
87-->[com.alipay.sdk:alipaysdk-android:15.8.16] AndroidManifest.xml:57:9-63:20
88            android:name="com.alipay.sdk.app.AlipayResultActivity"
88-->[com.alipay.sdk:alipaysdk-android:15.8.16] AndroidManifest.xml:58:13-67
89            android:configChanges="orientation|keyboardHidden|navigation|screenSize|locale|keyboard|screenLayout|density|fontScale|layoutDirection|smallestScreenSize"
89-->[com.alipay.sdk:alipaysdk-android:15.8.16] AndroidManifest.xml:59:13-167
90            android:exported="true"
90-->[com.alipay.sdk:alipaysdk-android:15.8.16] AndroidManifest.xml:60:13-36
91            android:launchMode="singleTask"
91-->[com.alipay.sdk:alipaysdk-android:15.8.16] AndroidManifest.xml:61:13-44
92            android:theme="@android:style/Theme.Translucent.NoTitleBar" >
92-->[com.alipay.sdk:alipaysdk-android:15.8.16] AndroidManifest.xml:62:13-72
93        </activity>
94        <activity
94-->[com.alipay.sdk:alipaysdk-android:15.8.16] AndroidManifest.xml:64:9-70:20
95            android:name="com.alipay.sdk.app.H5OpenAuthActivity"
95-->[com.alipay.sdk:alipaysdk-android:15.8.16] AndroidManifest.xml:65:13-65
96            android:configChanges="orientation|keyboardHidden|navigation|screenSize|locale|keyboard|screenLayout|density|fontScale|layoutDirection|smallestScreenSize"
96-->[com.alipay.sdk:alipaysdk-android:15.8.16] AndroidManifest.xml:66:13-167
97            android:exported="false"
97-->[com.alipay.sdk:alipaysdk-android:15.8.16] AndroidManifest.xml:67:13-37
98            android:screenOrientation="behind"
98-->[com.alipay.sdk:alipaysdk-android:15.8.16] AndroidManifest.xml:68:13-47
99            android:windowSoftInputMode="adjustResize|stateHidden" >
99-->[com.alipay.sdk:alipaysdk-android:15.8.16] AndroidManifest.xml:69:13-67
100        </activity>
101        <activity
101-->[com.alipay.sdk:alipaysdk-android:15.8.16] AndroidManifest.xml:71:9-76:20
102            android:name="com.alipay.sdk.app.APayEntranceActivity"
102-->[com.alipay.sdk:alipaysdk-android:15.8.16] AndroidManifest.xml:72:13-67
103            android:configChanges="orientation|keyboardHidden|navigation|screenSize|locale|keyboard|screenLayout|density|fontScale|layoutDirection|smallestScreenSize"
103-->[com.alipay.sdk:alipaysdk-android:15.8.16] AndroidManifest.xml:73:13-167
104            android:exported="false"
104-->[com.alipay.sdk:alipaysdk-android:15.8.16] AndroidManifest.xml:74:13-37
105            android:theme="@android:style/Theme.Translucent.NoTitleBar" >
105-->[com.alipay.sdk:alipaysdk-android:15.8.16] AndroidManifest.xml:75:13-72
106        </activity>
107    </application>
108
109</manifest>